2023-05-08T13:33:08.032Z
SyntaxError: You have a syntax error at "mssql.sql" line 1 column 14. Expected "IF" or valid table name but "[" found.
    at C:\Users\Worapon_W\AppData\Roaming\npm\node_modules\@dbml\cli\lib\cli\utils.js:45:13
    at Array.forEach (<anonymous>)
    at generate (C:\Users\Worapon_W\AppData\Roaming\npm\node_modules\@dbml\cli\lib\cli\utils.js:39:14)
    at importHandler (C:\Users\Worapon_W\AppData\Roaming\npm\node_modules\@dbml\cli\lib\cli\import.js:27:27)
    at Object.sql2dbml (C:\Users\Worapon_W\AppData\Roaming\npm\node_modules\@dbml\cli\lib\cli\index.js:27:23)
    at Object.<anonymous> (C:\Users\Worapon_W\AppData\Roaming\npm\node_modules\@dbml\cli\bin\sql2dbml.js:4:19)
    at Module._compile (node:internal/modules/cjs/loader:1254:14)
    at Module._extensions..js (node:internal/modules/cjs/loader:1308:10)
    at Module.load (node:internal/modules/cjs/loader:1117:32)
    at Module._load (node:internal/modules/cjs/loader:958:12)

ROOT_ERROR:
SyntaxError: Expected "IF" or valid table name but "[" found.
    at peg$buildStructuredError (C:\Users\Worapon_W\AppData\Roaming\npm\node_modules\@dbml\cli\node_modules\@dbml\core\lib\parse\postgresParser.js:34:7205)
    at Object.peg$parse [as parse] (C:\Users\Worapon_W\AppData\Roaming\npm\node_modules\@dbml\cli\node_modules\@dbml\core\lib\parse\postgresParser.js:43:598)
    at Function.parsePostgresToJSON (C:\Users\Worapon_W\AppData\Roaming\npm\node_modules\@dbml\cli\node_modules\@dbml\core\lib\parse\Parser.js:38:41)
    at Function.parse (C:\Users\Worapon_W\AppData\Roaming\npm\node_modules\@dbml\cli\node_modules\@dbml\core\lib\parse\Parser.js:64:32)
    at Object._import [as import] (C:\Users\Worapon_W\AppData\Roaming\npm\node_modules\@dbml\cli\node_modules\@dbml\core\lib\import\index.js:11:37)
    at C:\Users\Worapon_W\AppData\Roaming\npm\node_modules\@dbml\cli\lib\cli\import.js:27:68
    at C:\Users\Worapon_W\AppData\Roaming\npm\node_modules\@dbml\cli\lib\cli\utils.js:42:23
    at Array.forEach (<anonymous>)
    at generate (C:\Users\Worapon_W\AppData\Roaming\npm\node_modules\@dbml\cli\lib\cli\utils.js:39:14)
    at importHandler (C:\Users\Worapon_W\AppData\Roaming\npm\node_modules\@dbml\cli\lib\cli\import.js:27:27)
{"start":{"offset":13,"line":1,"column":14},"end":{"offset":14,"line":1,"column":15}}

2023-05-08T13:35:25.255Z
SyntaxError: You have a syntax error at "mssql.sql" line 1 column 14. Expected "IF" or valid table name but "[" found.
    at C:\Users\Worapon_W\AppData\Roaming\npm\node_modules\@dbml\cli\lib\cli\utils.js:45:13
    at Array.forEach (<anonymous>)
    at generate (C:\Users\Worapon_W\AppData\Roaming\npm\node_modules\@dbml\cli\lib\cli\utils.js:39:14)
    at importHandler (C:\Users\Worapon_W\AppData\Roaming\npm\node_modules\@dbml\cli\lib\cli\import.js:27:27)
    at Object.sql2dbml (C:\Users\Worapon_W\AppData\Roaming\npm\node_modules\@dbml\cli\lib\cli\index.js:27:23)
    at Object.<anonymous> (C:\Users\Worapon_W\AppData\Roaming\npm\node_modules\@dbml\cli\bin\sql2dbml.js:4:19)
    at Module._compile (node:internal/modules/cjs/loader:1254:14)
    at Module._extensions..js (node:internal/modules/cjs/loader:1308:10)
    at Module.load (node:internal/modules/cjs/loader:1117:32)
    at Module._load (node:internal/modules/cjs/loader:958:12)

ROOT_ERROR:
SyntaxError: Expected "IF" or valid table name but "[" found.
    at peg$buildStructuredError (C:\Users\Worapon_W\AppData\Roaming\npm\node_modules\@dbml\cli\node_modules\@dbml\core\lib\parse\postgresParser.js:34:7205)
    at Object.peg$parse [as parse] (C:\Users\Worapon_W\AppData\Roaming\npm\node_modules\@dbml\cli\node_modules\@dbml\core\lib\parse\postgresParser.js:43:598)
    at Function.parsePostgresToJSON (C:\Users\Worapon_W\AppData\Roaming\npm\node_modules\@dbml\cli\node_modules\@dbml\core\lib\parse\Parser.js:38:41)
    at Function.parse (C:\Users\Worapon_W\AppData\Roaming\npm\node_modules\@dbml\cli\node_modules\@dbml\core\lib\parse\Parser.js:64:32)
    at Object._import [as import] (C:\Users\Worapon_W\AppData\Roaming\npm\node_modules\@dbml\cli\node_modules\@dbml\core\lib\import\index.js:11:37)
    at C:\Users\Worapon_W\AppData\Roaming\npm\node_modules\@dbml\cli\lib\cli\import.js:27:68
    at C:\Users\Worapon_W\AppData\Roaming\npm\node_modules\@dbml\cli\lib\cli\utils.js:42:23
    at Array.forEach (<anonymous>)
    at generate (C:\Users\Worapon_W\AppData\Roaming\npm\node_modules\@dbml\cli\lib\cli\utils.js:39:14)
    at importHandler (C:\Users\Worapon_W\AppData\Roaming\npm\node_modules\@dbml\cli\lib\cli\import.js:27:27)
{"start":{"offset":13,"line":1,"column":14},"end":{"offset":14,"line":1,"column":15}}

2023-05-08T13:36:24.207Z
SyntaxError: You have a syntax error at "mssql.sql" line 2 column 3. Expected "CHECK", "CONSTRAINT", "EXCLUDE", "FOREIGN", "LIKE", "PRIMARY", "UNIQUE", or valid column name but "[" found.
    at C:\Users\Worapon_W\AppData\Roaming\npm\node_modules\@dbml\cli\lib\cli\utils.js:45:13
    at Array.forEach (<anonymous>)
    at generate (C:\Users\Worapon_W\AppData\Roaming\npm\node_modules\@dbml\cli\lib\cli\utils.js:39:14)
    at importHandler (C:\Users\Worapon_W\AppData\Roaming\npm\node_modules\@dbml\cli\lib\cli\import.js:27:27)
    at Object.sql2dbml (C:\Users\Worapon_W\AppData\Roaming\npm\node_modules\@dbml\cli\lib\cli\index.js:27:23)
    at Object.<anonymous> (C:\Users\Worapon_W\AppData\Roaming\npm\node_modules\@dbml\cli\bin\sql2dbml.js:4:19)
    at Module._compile (node:internal/modules/cjs/loader:1254:14)
    at Module._extensions..js (node:internal/modules/cjs/loader:1308:10)
    at Module.load (node:internal/modules/cjs/loader:1117:32)
    at Module._load (node:internal/modules/cjs/loader:958:12)

ROOT_ERROR:
SyntaxError: Expected "CHECK", "CONSTRAINT", "EXCLUDE", "FOREIGN", "LIKE", "PRIMARY", "UNIQUE", or valid column name but "[" found.
    at peg$buildStructuredError (C:\Users\Worapon_W\AppData\Roaming\npm\node_modules\@dbml\cli\node_modules\@dbml\core\lib\parse\postgresParser.js:34:7205)
    at Object.peg$parse [as parse] (C:\Users\Worapon_W\AppData\Roaming\npm\node_modules\@dbml\cli\node_modules\@dbml\core\lib\parse\postgresParser.js:43:598)
    at Function.parsePostgresToJSON (C:\Users\Worapon_W\AppData\Roaming\npm\node_modules\@dbml\cli\node_modules\@dbml\core\lib\parse\Parser.js:38:41)
    at Function.parse (C:\Users\Worapon_W\AppData\Roaming\npm\node_modules\@dbml\cli\node_modules\@dbml\core\lib\parse\Parser.js:64:32)
    at Object._import [as import] (C:\Users\Worapon_W\AppData\Roaming\npm\node_modules\@dbml\cli\node_modules\@dbml\core\lib\import\index.js:11:37)
    at C:\Users\Worapon_W\AppData\Roaming\npm\node_modules\@dbml\cli\lib\cli\import.js:27:68
    at C:\Users\Worapon_W\AppData\Roaming\npm\node_modules\@dbml\cli\lib\cli\utils.js:42:23
    at Array.forEach (<anonymous>)
    at generate (C:\Users\Worapon_W\AppData\Roaming\npm\node_modules\@dbml\cli\lib\cli\utils.js:39:14)
    at importHandler (C:\Users\Worapon_W\AppData\Roaming\npm\node_modules\@dbml\cli\lib\cli\import.js:27:27)
{"start":{"offset":24,"line":2,"column":3},"end":{"offset":25,"line":2,"column":4}}

2023-05-08T13:37:02.686Z
SyntaxError: You have a syntax error at "mssql.sql" line 1 column 14. Expected "IF" or valid table name but "[" found.
    at C:\Users\Worapon_W\AppData\Roaming\npm\node_modules\@dbml\cli\lib\cli\utils.js:45:13
    at Array.forEach (<anonymous>)
    at generate (C:\Users\Worapon_W\AppData\Roaming\npm\node_modules\@dbml\cli\lib\cli\utils.js:39:14)
    at importHandler (C:\Users\Worapon_W\AppData\Roaming\npm\node_modules\@dbml\cli\lib\cli\import.js:27:27)
    at Object.sql2dbml (C:\Users\Worapon_W\AppData\Roaming\npm\node_modules\@dbml\cli\lib\cli\index.js:27:23)
    at Object.<anonymous> (C:\Users\Worapon_W\AppData\Roaming\npm\node_modules\@dbml\cli\bin\sql2dbml.js:4:19)
    at Module._compile (node:internal/modules/cjs/loader:1254:14)
    at Module._extensions..js (node:internal/modules/cjs/loader:1308:10)
    at Module.load (node:internal/modules/cjs/loader:1117:32)
    at Module._load (node:internal/modules/cjs/loader:958:12)

ROOT_ERROR:
SyntaxError: Expected "IF" or valid table name but "[" found.
    at peg$buildStructuredError (C:\Users\Worapon_W\AppData\Roaming\npm\node_modules\@dbml\cli\node_modules\@dbml\core\lib\parse\postgresParser.js:34:7205)
    at Object.peg$parse [as parse] (C:\Users\Worapon_W\AppData\Roaming\npm\node_modules\@dbml\cli\node_modules\@dbml\core\lib\parse\postgresParser.js:43:598)
    at Function.parsePostgresToJSON (C:\Users\Worapon_W\AppData\Roaming\npm\node_modules\@dbml\cli\node_modules\@dbml\core\lib\parse\Parser.js:38:41)
    at Function.parse (C:\Users\Worapon_W\AppData\Roaming\npm\node_modules\@dbml\cli\node_modules\@dbml\core\lib\parse\Parser.js:64:32)
    at Object._import [as import] (C:\Users\Worapon_W\AppData\Roaming\npm\node_modules\@dbml\cli\node_modules\@dbml\core\lib\import\index.js:11:37)
    at C:\Users\Worapon_W\AppData\Roaming\npm\node_modules\@dbml\cli\lib\cli\import.js:27:68
    at C:\Users\Worapon_W\AppData\Roaming\npm\node_modules\@dbml\cli\lib\cli\utils.js:42:23
    at Array.forEach (<anonymous>)
    at generate (C:\Users\Worapon_W\AppData\Roaming\npm\node_modules\@dbml\cli\lib\cli\utils.js:39:14)
    at importHandler (C:\Users\Worapon_W\AppData\Roaming\npm\node_modules\@dbml\cli\lib\cli\import.js:27:27)
{"start":{"offset":13,"line":1,"column":14},"end":{"offset":14,"line":1,"column":15}}

2023-05-08T13:38:14.666Z
SyntaxError: You have a syntax error at "mssql.sql" line 20 column 1. Expected ")", ",", "CLUSTERED", "FILESTREAM_ON", "NONCLUSTERED", "ON", "WITH", comments, or whitespaces but "undefined" found.
    at C:\Users\Worapon_W\AppData\Roaming\npm\node_modules\@dbml\cli\lib\cli\utils.js:45:13
    at Array.forEach (<anonymous>)
    at generate (C:\Users\Worapon_W\AppData\Roaming\npm\node_modules\@dbml\cli\lib\cli\utils.js:39:14)
    at importHandler (C:\Users\Worapon_W\AppData\Roaming\npm\node_modules\@dbml\cli\lib\cli\import.js:25:27)
    at Object.sql2dbml (C:\Users\Worapon_W\AppData\Roaming\npm\node_modules\@dbml\cli\lib\cli\index.js:27:23)
    at Object.<anonymous> (C:\Users\Worapon_W\AppData\Roaming\npm\node_modules\@dbml\cli\bin\sql2dbml.js:4:19)
    at Module._compile (node:internal/modules/cjs/loader:1254:14)
    at Module._extensions..js (node:internal/modules/cjs/loader:1308:10)
    at Module.load (node:internal/modules/cjs/loader:1117:32)
    at Module._load (node:internal/modules/cjs/loader:958:12)

ROOT_ERROR:
undefined
{"start":{"offset":523,"line":20,"column":1}}

